current directory: /home/najma/Documents/Moringa/Development/Code/Phase4/hero_tracker_api/Documents/Moringa/De/ruby/3.2.0/gems/puma-5.6.6/ext/puma_http11
/home/najma/.rbenv/versions/3.2.2/bin/ruby extconf.rb
using OpenSSL pkgconfig (openssl.pc)
checking for openssl/bio.h... yes
checking for DTLS_method() in openssl/ssl.h... yes
checking for TLS_server_method() in openssl/ssl.h... yes
checking for SSL_CTX_set_min_proto_version(NULL, 0) in openssl/ssl.h... yes
checking for X509_STORE_up_ref()... yes
checking for SSL_CTX_set_ecdh_auto(NULL, 0) in openssl/ssl.h... yes
checking for SSL_CTX_set_dh_auto(NULL, 0) in openssl/ssl.h... yes
checking for SSL_get1_peer_certificate() in openssl/ssl.h... yes
checking for Random.bytes... yes
creating Makefile

current directory: /home/najma/Documents/Moringa/Development/Code/Phase4/hero_tracker_api/Documents/Moringa/De/ruby/3.2.0/gems/puma-5.6.6/ext/puma_http11
make DESTDIR\= sitearchdir\=./.gem.20230702-39587-k6k6yb sitelibdir\=./.gem.20230702-39587-k6k6yb clean

current directory: /home/najma/Documents/Moringa/Development/Code/Phase4/hero_tracker_api/Documents/Moringa/De/ruby/3.2.0/gems/puma-5.6.6/ext/puma_http11
make DESTDIR\= sitearchdir\=./.gem.20230702-39587-k6k6yb sitelibdir\=./.gem.20230702-39587-k6k6yb
compiling http11_parser.c
compiling mini_ssl.c
compiling puma_http11.c
linking shared-object puma/puma_http11.so

current directory: /home/najma/Documents/Moringa/Development/Code/Phase4/hero_tracker_api/Documents/Moringa/De/ruby/3.2.0/gems/puma-5.6.6/ext/puma_http11
make DESTDIR\= sitearchdir\=./.gem.20230702-39587-k6k6yb sitelibdir\=./.gem.20230702-39587-k6k6yb install
/bin/install -c -m 0755 puma_http11.so ./.gem.20230702-39587-k6k6yb/puma

current directory: /home/najma/Documents/Moringa/Development/Code/Phase4/hero_tracker_api/Documents/Moringa/De/ruby/3.2.0/gems/puma-5.6.6/ext/puma_http11
make DESTDIR\= sitearchdir\=./.gem.20230702-39587-k6k6yb sitelibdir\=./.gem.20230702-39587-k6k6yb clean
